mode: set
github.com/kcpal/bookings/cmd/web/main.go:24.13,26.16 2 0
github.com/kcpal/bookings/cmd/web/main.go:30.2,38.16 4 0
github.com/kcpal/bookings/cmd/web/main.go:26.16,28.3 1 0
github.com/kcpal/bookings/cmd/web/main.go:38.16,40.3 1 0
github.com/kcpal/bookings/cmd/web/main.go:43.18,60.16 10 1
github.com/kcpal/bookings/cmd/web/main.go:65.2,72.12 6 1
github.com/kcpal/bookings/cmd/web/main.go:60.16,63.3 2 0
github.com/kcpal/bookings/cmd/web/middleware.go:17.45,27.2 3 1
github.com/kcpal/bookings/cmd/web/middleware.go:30.50,32.2 1 1
github.com/kcpal/bookings/cmd/web/routes.go:13.49,38.2 18 1
